2023-08-28 07:37:13.996 [info] Log level: Info
2023-08-28 07:37:13.996 [info] Validating found git in: "git"
2023-08-28 07:37:13.996 [info] Using git "2.34.1" from "git"
2023-08-28 07:37:13.996 [info] > git rev-parse --show-toplevel [3ms]
2023-08-28 07:37:13.996 [info] > git rev-parse --git-dir --git-common-dir [3ms]
2023-08-28 07:37:13.996 [info] Open repository: /root
2023-08-28 07:37:14.006 [info] > git config --get commit.template [6ms]
2023-08-28 07:37:14.007 [info] > git rev-parse --show-toplevel [2ms]
2023-08-28 07:37:14.013 [info] > git for-each-ref --format=%(refname)%00%(upstream:short)%00%(objectname)%00%(upstream:track)%00%(upstream:remotename)%00%(upstream:remoteref) refs/heads/master refs/remotes/master [1ms]
2023-08-28 07:37:14.022 [info] > git rev-parse --show-toplevel [1ms]
2023-08-28 07:37:14.028 [info] > git rev-parse --show-toplevel [1ms]
2023-08-28 07:37:14.036 [info] > git rev-parse --show-toplevel [2ms]
2023-08-28 07:37:14.042 [info] > git status -z -uall [26ms]
2023-08-28 07:37:14.060 [info] > git rev-parse --show-toplevel [18ms]
2023-08-28 07:37:14.061 [info] > git config --get commit.template [7ms]
2023-08-28 07:37:14.073 [info] > git for-each-ref --format=%(refname)%00%(upstream:short)%00%(objectname)%00%(upstream:track)%00%(upstream:remotename)%00%(upstream:remoteref) refs/heads/master refs/remotes/master [7ms]
2023-08-28 07:37:14.080 [info] > git rev-parse --show-toplevel [8ms]
2023-08-28 07:37:14.102 [info] > git status -z -uall [23ms]
2023-08-28 07:37:14.105 [info] > git rev-parse --show-toplevel [18ms]
2023-08-28 07:37:14.113 [info] > git rev-parse --show-toplevel [1ms]
2023-08-28 07:37:16.708 [info] > git config --get commit.template [1ms]
2023-08-28 07:37:16.711 [info] > git for-each-ref --format=%(refname)%00%(upstream:short)%00%(objectname)%00%(upstream:track)%00%(upstream:remotename)%00%(upstream:remoteref) refs/heads/master refs/remotes/master [1ms]
2023-08-28 07:37:16.728 [info] > git status -z -uall [14ms]
2023-08-28 07:37:21.741 [info] > git config --get commit.template [3ms]
2023-08-28 07:37:21.741 [info] > git for-each-ref --format=%(refname)%00%(upstream:short)%00%(objectname)%00%(upstream:track)%00%(upstream:remotename)%00%(upstream:remoteref) refs/heads/master refs/remotes/master [1ms]
2023-08-28 07:37:21.757 [info] > git status -z -uall [13ms]
2023-08-28 07:37:26.766 [info] > git config --get commit.template [2ms]
2023-08-28 07:37:26.770 [info] > git for-each-ref --format=%(refname)%00%(upstream:short)%00%(objectname)%00%(upstream:track)%00%(upstream:remotename)%00%(upstream:remoteref) refs/heads/master refs/remotes/master [1ms]
2023-08-28 07:37:26.797 [info] > git status -z -uall [24ms]
2023-08-28 07:37:31.804 [info] > git config --get commit.template [0ms]
2023-08-28 07:37:31.809 [info] > git for-each-ref --format=%(refname)%00%(upstream:short)%00%(objectname)%00%(upstream:track)%00%(upstream:remotename)%00%(upstream:remoteref) refs/heads/master refs/remotes/master [3ms]
2023-08-28 07:37:31.826 [info] > git status -z -uall [13ms]
2023-08-28 07:37:36.835 [info] > git config --get commit.template [1ms]
2023-08-28 07:37:36.839 [info] > git for-each-ref --format=%(refname)%00%(upstream:short)%00%(objectname)%00%(upstream:track)%00%(upstream:remotename)%00%(upstream:remoteref) refs/heads/master refs/remotes/master [1ms]
2023-08-28 07:37:36.855 [info] > git status -z -uall [12ms]
2023-08-28 07:37:44.503 [info] > git config --get commit.template [2ms]
2023-08-28 07:37:44.508 [info] > git for-each-ref --format=%(refname)%00%(upstream:short)%00%(objectname)%00%(upstream:track)%00%(upstream:remotename)%00%(upstream:remoteref) refs/heads/master refs/remotes/master [2ms]
2023-08-28 07:37:44.528 [info] > git status -z -uall [14ms]
2023-08-28 07:37:49.536 [info] > git config --get commit.template [1ms]
2023-08-28 07:37:49.540 [info] > git for-each-ref --format=%(refname)%00%(upstream:short)%00%(objectname)%00%(upstream:track)%00%(upstream:remotename)%00%(upstream:remoteref) refs/heads/master refs/remotes/master [0ms]
2023-08-28 07:37:49.558 [info] > git status -z -uall [14ms]
2023-08-28 07:38:17.120 [info] > git config --get commit.template [1ms]
2023-08-28 07:38:17.125 [info] > git for-each-ref --format=%(refname)%00%(upstream:short)%00%(objectname)%00%(upstream:track)%00%(upstream:remotename)%00%(upstream:remoteref) refs/heads/master refs/remotes/master [1ms]
2023-08-28 07:38:17.149 [info] > git status -z -uall [18ms]
2023-08-28 07:38:23.479 [info] > git config --get commit.template [0ms]
2023-08-28 07:38:23.484 [info] > git for-each-ref --format=%(refname)%00%(upstream:short)%00%(objectname)%00%(upstream:track)%00%(upstream:remotename)%00%(upstream:remoteref) refs/heads/master refs/remotes/master [1ms]
2023-08-28 07:38:23.503 [info] > git status -z -uall [15ms]
2023-08-28 07:38:28.513 [info] > git config --get commit.template [4ms]
2023-08-28 07:38:28.513 [info] > git for-each-ref --format=%(refname)%00%(upstream:short)%00%(objectname)%00%(upstream:track)%00%(upstream:remotename)%00%(upstream:remoteref) refs/heads/master refs/remotes/master [1ms]
2023-08-28 07:38:28.529 [info] > git status -z -uall [14ms]
2023-08-28 07:38:33.536 [info] > git config --get commit.template [1ms]
2023-08-28 07:38:33.539 [info] > git for-each-ref --format=%(refname)%00%(upstream:short)%00%(objectname)%00%(upstream:track)%00%(upstream:remotename)%00%(upstream:remoteref) refs/heads/master refs/remotes/master [0ms]
2023-08-28 07:38:33.554 [info] > git status -z -uall [12ms]
2023-08-28 07:38:38.563 [info] > git config --get commit.template [1ms]
2023-08-28 07:38:38.567 [info] > git for-each-ref --format=%(refname)%00%(upstream:short)%00%(objectname)%00%(upstream:track)%00%(upstream:remotename)%00%(upstream:remoteref) refs/heads/master refs/remotes/master [0ms]
2023-08-28 07:38:38.584 [info] > git status -z -uall [13ms]
2023-08-28 07:38:43.596 [info] > git config --get commit.template [5ms]
2023-08-28 07:38:43.597 [info] > git for-each-ref --format=%(refname)%00%(upstream:short)%00%(objectname)%00%(upstream:track)%00%(upstream:remotename)%00%(upstream:remoteref) refs/heads/master refs/remotes/master [2ms]
2023-08-28 07:38:43.613 [info] > git status -z -uall [13ms]
2023-08-28 07:38:48.624 [info] > git config --get commit.template [3ms]
2023-08-28 07:38:48.629 [info] > git for-each-ref --format=%(refname)%00%(upstream:short)%00%(objectname)%00%(upstream:track)%00%(upstream:remotename)%00%(upstream:remoteref) refs/heads/master refs/remotes/master [1ms]
2023-08-28 07:38:48.646 [info] > git status -z -uall [13ms]
2023-08-28 07:39:26.803 [info] > git config --get commit.template [2ms]
2023-08-28 07:39:26.809 [info] > git for-each-ref --format=%(refname)%00%(upstream:short)%00%(objectname)%00%(upstream:track)%00%(upstream:remotename)%00%(upstream:remoteref) refs/heads/master refs/remotes/master [1ms]
2023-08-28 07:39:26.828 [info] > git status -z -uall [14ms]
2023-08-28 07:39:31.838 [info] > git config --get commit.template [2ms]
2023-08-28 07:39:31.843 [info] > git for-each-ref --format=%(refname)%00%(upstream:short)%00%(objectname)%00%(upstream:track)%00%(upstream:remotename)%00%(upstream:remoteref) refs/heads/master refs/remotes/master [1ms]
2023-08-28 07:39:31.860 [info] > git status -z -uall [14ms]
2023-08-28 07:39:42.786 [info] > git config --get commit.template [1ms]
2023-08-28 07:39:42.791 [info] > git for-each-ref --format=%(refname)%00%(upstream:short)%00%(objectname)%00%(upstream:track)%00%(upstream:remotename)%00%(upstream:remoteref) refs/heads/master refs/remotes/master [1ms]
2023-08-28 07:39:42.814 [info] > git status -z -uall [16ms]
2023-08-28 07:39:50.257 [info] > git config --get commit.template [5ms]
2023-08-28 07:39:50.258 [info] > git for-each-ref --format=%(refname)%00%(upstream:short)%00%(objectname)%00%(upstream:track)%00%(upstream:remotename)%00%(upstream:remoteref) refs/heads/master refs/remotes/master [1ms]
2023-08-28 07:39:50.279 [info] > git status -z -uall [15ms]
2023-08-28 07:39:55.703 [info] > git config --get commit.template [1ms]
2023-08-28 07:39:55.709 [info] > git for-each-ref --format=%(refname)%00%(upstream:short)%00%(objectname)%00%(upstream:track)%00%(upstream:remotename)%00%(upstream:remoteref) refs/heads/master refs/remotes/master [1ms]
2023-08-28 07:39:55.728 [info] > git status -z -uall [13ms]
2023-08-28 07:40:01.404 [info] > git config --get commit.template [1ms]
2023-08-28 07:40:01.408 [info] > git for-each-ref --format=%(refname)%00%(upstream:short)%00%(objectname)%00%(upstream:track)%00%(upstream:remotename)%00%(upstream:remoteref) refs/heads/master refs/remotes/master [0ms]
2023-08-28 07:40:01.428 [info] > git status -z -uall [15ms]
2023-08-28 07:40:06.436 [info] > git config --get commit.template [1ms]
2023-08-28 07:40:06.439 [info] > git for-each-ref --format=%(refname)%00%(upstream:short)%00%(objectname)%00%(upstream:track)%00%(upstream:remotename)%00%(upstream:remoteref) refs/heads/master refs/remotes/master [0ms]
2023-08-28 07:40:06.455 [info] > git status -z -uall [13ms]
2023-08-28 07:40:36.037 [info] > git config --get commit.template [1ms]
2023-08-28 07:40:36.044 [info] > git for-each-ref --format=%(refname)%00%(upstream:short)%00%(objectname)%00%(upstream:track)%00%(upstream:remotename)%00%(upstream:remoteref) refs/heads/master refs/remotes/master [1ms]
2023-08-28 07:40:36.067 [info] > git status -z -uall [18ms]
2023-08-28 07:40:41.075 [info] > git config --get commit.template [1ms]
2023-08-28 07:40:41.079 [info] > git for-each-ref --format=%(refname)%00%(upstream:short)%00%(objectname)%00%(upstream:track)%00%(upstream:remotename)%00%(upstream:remoteref) refs/heads/master refs/remotes/master [1ms]
2023-08-28 07:40:41.095 [info] > git status -z -uall [13ms]
2023-08-28 07:40:46.105 [info] > git config --get commit.template [2ms]
2023-08-28 07:40:46.109 [info] > git for-each-ref --format=%(refname)%00%(upstream:short)%00%(objectname)%00%(upstream:track)%00%(upstream:remotename)%00%(upstream:remoteref) refs/heads/master refs/remotes/master [1ms]
2023-08-28 07:40:46.126 [info] > git status -z -uall [14ms]
2023-08-28 07:40:51.133 [info] > git config --get commit.template [1ms]
2023-08-28 07:40:51.137 [info] > git for-each-ref --format=%(refname)%00%(upstream:short)%00%(objectname)%00%(upstream:track)%00%(upstream:remotename)%00%(upstream:remoteref) refs/heads/master refs/remotes/master [1ms]
2023-08-28 07:40:51.152 [info] > git status -z -uall [13ms]
2023-08-28 07:41:00.193 [info] > git config --get commit.template [1ms]
2023-08-28 07:41:00.202 [info] > git for-each-ref --format=%(refname)%00%(upstream:short)%00%(objectname)%00%(upstream:track)%00%(upstream:remotename)%00%(upstream:remoteref) refs/heads/master refs/remotes/master [1ms]
2023-08-28 07:41:00.225 [info] > git status -z -uall [17ms]
2023-08-28 07:41:05.236 [info] > git config --get commit.template [3ms]
2023-08-28 07:41:05.237 [info] > git for-each-ref --format=%(refname)%00%(upstream:short)%00%(objectname)%00%(upstream:track)%00%(upstream:remotename)%00%(upstream:remoteref) refs/heads/master refs/remotes/master [1ms]
2023-08-28 07:41:05.252 [info] > git status -z -uall [13ms]
2023-08-28 07:41:10.262 [info] > git config --get commit.template [1ms]
2023-08-28 07:41:10.266 [info] > git for-each-ref --format=%(refname)%00%(upstream:short)%00%(objectname)%00%(upstream:track)%00%(upstream:remotename)%00%(upstream:remoteref) refs/heads/master refs/remotes/master [1ms]
2023-08-28 07:41:10.282 [info] > git status -z -uall [13ms]
2023-08-28 07:41:14.089 [info] > git show --textconv :Nueva/ejemplo-1.html [3ms]
2023-08-28 07:41:14.090 [info] > git ls-files --stage -- /root/Nueva/ejemplo-1.html [1ms]
2023-08-28 07:41:14.418 [info] > git check-ignore -v -z --stdin [2ms]
2023-08-28 07:41:15.292 [info] > git config --get commit.template [1ms]
2023-08-28 07:41:15.296 [info] > git for-each-ref --format=%(refname)%00%(upstream:short)%00%(objectname)%00%(upstream:track)%00%(upstream:remotename)%00%(upstream:remoteref) refs/heads/master refs/remotes/master [0ms]
2023-08-28 07:41:15.312 [info] > git status -z -uall [13ms]
2023-08-28 07:41:20.319 [info] > git config --get commit.template [0ms]
2023-08-28 07:41:20.323 [info] > git for-each-ref --format=%(refname)%00%(upstream:short)%00%(objectname)%00%(upstream:track)%00%(upstream:remotename)%00%(upstream:remoteref) refs/heads/master refs/remotes/master [1ms]
2023-08-28 07:41:20.339 [info] > git status -z -uall [13ms]
2023-08-28 07:41:25.346 [info] > git config --get commit.template [1ms]
2023-08-28 07:41:25.349 [info] > git for-each-ref --format=%(refname)%00%(upstream:short)%00%(objectname)%00%(upstream:track)%00%(upstream:remotename)%00%(upstream:remoteref) refs/heads/master refs/remotes/master [0ms]
2023-08-28 07:41:25.364 [info] > git status -z -uall [13ms]
2023-08-28 07:41:30.376 [info] > git config --get commit.template [4ms]
2023-08-28 07:41:30.376 [info] > git for-each-ref --format=%(refname)%00%(upstream:short)%00%(objectname)%00%(upstream:track)%00%(upstream:remotename)%00%(upstream:remoteref) refs/heads/master refs/remotes/master [1ms]
2023-08-28 07:41:30.393 [info] > git status -z -uall [13ms]
2023-08-28 07:41:43.893 [info] > git config --get commit.template [0ms]
2023-08-28 07:41:43.899 [info] > git for-each-ref --format=%(refname)%00%(upstream:short)%00%(objectname)%00%(upstream:track)%00%(upstream:remotename)%00%(upstream:remoteref) refs/heads/master refs/remotes/master [1ms]
2023-08-28 07:41:43.919 [info] > git status -z -uall [15ms]
2023-08-28 07:42:54.694 [info] > git config --get commit.template [1ms]
2023-08-28 07:42:54.703 [info] > git for-each-ref --format=%(refname)%00%(upstream:short)%00%(objectname)%00%(upstream:track)%00%(upstream:remotename)%00%(upstream:remoteref) refs/heads/master refs/remotes/master [1ms]
2023-08-28 07:42:54.729 [info] > git status -z -uall [20ms]
2023-08-28 07:43:27.483 [info] > git config --get commit.template [1ms]
2023-08-28 07:43:27.488 [info] > git for-each-ref --format=%(refname)%00%(upstream:short)%00%(objectname)%00%(upstream:track)%00%(upstream:remotename)%00%(upstream:remoteref) refs/heads/master refs/remotes/master [0ms]
2023-08-28 07:43:27.506 [info] > git status -z -uall [15ms]
2023-08-28 07:43:32.516 [info] > git config --get commit.template [1ms]
2023-08-28 07:43:32.520 [info] > git for-each-ref --format=%(refname)%00%(upstream:short)%00%(objectname)%00%(upstream:track)%00%(upstream:remotename)%00%(upstream:remoteref) refs/heads/master refs/remotes/master [1ms]
2023-08-28 07:43:32.537 [info] > git status -z -uall [14ms]
2023-08-28 07:43:37.549 [info] > git config --get commit.template [3ms]
2023-08-28 07:43:37.550 [info] > git for-each-ref --format=%(refname)%00%(upstream:short)%00%(objectname)%00%(upstream:track)%00%(upstream:remotename)%00%(upstream:remoteref) refs/heads/master refs/remotes/master [1ms]
2023-08-28 07:43:37.566 [info] > git status -z -uall [13ms]
2023-08-28 07:43:42.575 [info] > git config --get commit.template [1ms]
2023-08-28 07:43:42.580 [info] > git for-each-ref --format=%(refname)%00%(upstream:short)%00%(objectname)%00%(upstream:track)%00%(upstream:remotename)%00%(upstream:remoteref) refs/heads/master refs/remotes/master [0ms]
2023-08-28 07:43:42.597 [info] > git status -z -uall [14ms]
2023-08-28 07:43:47.605 [info] > git config --get commit.template [1ms]
2023-08-28 07:43:47.609 [info] > git for-each-ref --format=%(refname)%00%(upstream:short)%00%(objectname)%00%(upstream:track)%00%(upstream:remotename)%00%(upstream:remoteref) refs/heads/master refs/remotes/master [1ms]
2023-08-28 07:43:47.625 [info] > git status -z -uall [12ms]
2023-08-28 07:48:41.514 [info] > git config --get commit.template [1ms]
2023-08-28 07:48:41.521 [info] > git for-each-ref --format=%(refname)%00%(upstream:short)%00%(objectname)%00%(upstream:track)%00%(upstream:remotename)%00%(upstream:remoteref) refs/heads/master refs/remotes/master [1ms]
2023-08-28 07:48:41.543 [info] > git status -z -uall [17ms]
