2023-08-28 08:52:22.633 [info] Log level: Info
2023-08-28 08:52:22.633 [info] Validating found git in: "git"
2023-08-28 08:52:22.633 [info] Using git "2.34.1" from "git"
2023-08-28 08:52:22.633 [info] > git rev-parse --show-toplevel [6ms]
2023-08-28 08:52:22.633 [info] > git rev-parse --git-dir --git-common-dir [5ms]
2023-08-28 08:52:22.633 [info] Open repository: /root
2023-08-28 08:52:22.650 [info] > git config --get commit.template [10ms]
2023-08-28 08:52:22.653 [info] > git rev-parse --show-toplevel [5ms]
2023-08-28 08:52:22.669 [info] > git for-each-ref --format=%(refname)%00%(upstream:short)%00%(objectname)%00%(upstream:track)%00%(upstream:remotename)%00%(upstream:remoteref) refs/heads/master refs/remotes/master [10ms]
2023-08-28 08:52:22.706 [info] > git rev-parse --show-toplevel [3ms]
2023-08-28 08:52:22.724 [info] > git status -z -uall [44ms]
2023-08-28 08:52:22.725 [info] > git rev-parse --show-toplevel [3ms]
2023-08-28 08:52:22.747 [info] > git config --get commit.template [2ms]
2023-08-28 08:52:22.766 [info] > git rev-parse --show-toplevel [11ms]
2023-08-28 08:52:22.767 [info] > git for-each-ref --format=%(refname)%00%(upstream:short)%00%(objectname)%00%(upstream:track)%00%(upstream:remotename)%00%(upstream:remoteref) refs/heads/master refs/remotes/master [4ms]
2023-08-28 08:52:22.795 [info] > git rev-parse --show-toplevel [1ms]
2023-08-28 08:52:22.805 [info] > git rev-parse --show-toplevel [1ms]
2023-08-28 08:52:22.814 [info] > git status -z -uall [35ms]
2023-08-28 08:52:22.821 [info] > git rev-parse --show-toplevel [8ms]
2023-08-28 08:52:22.842 [info] > git rev-parse --show-toplevel [1ms]
2023-08-28 08:52:22.851 [info] > git rev-parse --show-toplevel [1ms]
2023-08-28 08:52:23.205 [info] > git check-ignore -v -z --stdin [9ms]
2023-08-28 08:52:24.392 [info] > git show --textconv :web.html [6ms]
2023-08-28 08:52:24.396 [info] > git ls-files --stage -- /root/web.html [4ms]
2023-08-28 08:52:24.403 [info] > git cat-file -s e69de29bb2d1d6434b8b29ae775ad8c2e48c5391 [2ms]
2023-08-28 08:52:26.210 [info] > git config --get commit.template [8ms]
2023-08-28 08:52:26.221 [info] > git for-each-ref --format=%(refname)%00%(upstream:short)%00%(objectname)%00%(upstream:track)%00%(upstream:remotename)%00%(upstream:remoteref) refs/heads/master refs/remotes/master [2ms]
2023-08-28 08:52:26.270 [info] > git status -z -uall [39ms]
2023-08-28 08:52:31.291 [info] > git config --get commit.template [7ms]
2023-08-28 08:52:31.292 [info] > git for-each-ref --format=%(refname)%00%(upstream:short)%00%(objectname)%00%(upstream:track)%00%(upstream:remotename)%00%(upstream:remoteref) refs/heads/master refs/remotes/master [2ms]
2023-08-28 08:52:31.328 [info] > git status -z -uall [31ms]
2023-08-28 08:52:36.347 [info] > git config --get commit.template [7ms]
2023-08-28 08:52:36.348 [info] > git for-each-ref --format=%(refname)%00%(upstream:short)%00%(objectname)%00%(upstream:track)%00%(upstream:remotename)%00%(upstream:remoteref) refs/heads/master refs/remotes/master [2ms]
2023-08-28 08:52:36.383 [info] > git status -z -uall [30ms]
