2023-08-28 07:34:54.545 [info] Log level: Info
2023-08-28 07:34:54.545 [info] Validating found git in: "git"
2023-08-28 07:34:54.545 [info] Using git "2.34.1" from "git"
2023-08-28 07:34:54.545 [info] > git rev-parse --show-toplevel [2ms]
2023-08-28 07:34:54.545 [info] > git rev-parse --git-dir --git-common-dir [26ms]
2023-08-28 07:34:54.545 [info] Open repository: /root
2023-08-28 07:34:54.557 [info] > git config --get commit.template [6ms]
2023-08-28 07:34:54.564 [info] > git rev-parse --show-toplevel [8ms]
2023-08-28 07:34:54.573 [info] > git for-each-ref --format=%(refname)%00%(upstream:short)%00%(objectname)%00%(upstream:track)%00%(upstream:remotename)%00%(upstream:remoteref) refs/heads/master refs/remotes/master [4ms]
2023-08-28 07:34:54.595 [info] > git rev-parse --show-toplevel [2ms]
2023-08-28 07:34:54.605 [info] > git status -z -uall [23ms]
2023-08-28 07:34:54.620 [info] > git rev-parse --show-toplevel [16ms]
2023-08-28 07:34:54.622 [info] > git config --get commit.template [2ms]
2023-08-28 07:34:54.642 [info] > git for-each-ref --format=%(refname)%00%(upstream:short)%00%(objectname)%00%(upstream:track)%00%(upstream:remotename)%00%(upstream:remoteref) refs/heads/master refs/remotes/master [13ms]
2023-08-28 07:34:54.659 [info] > git rev-parse --show-toplevel [18ms]
2023-08-28 07:34:54.667 [info] > git rev-parse --show-toplevel [1ms]
2023-08-28 07:34:54.668 [info] > git status -z -uall [21ms]
2023-08-28 07:34:54.680 [info] > git rev-parse --show-toplevel [2ms]
2023-08-28 07:34:54.692 [info] > git rev-parse --show-toplevel [2ms]
2023-08-28 07:34:54.698 [info] > git rev-parse --show-toplevel [1ms]
2023-08-28 07:34:55.095 [info] > git check-ignore -v -z --stdin [4ms]
2023-08-28 07:34:59.326 [info] > git config --get commit.template [4ms]
2023-08-28 07:34:59.326 [info] > git for-each-ref --format=%(refname)%00%(upstream:short)%00%(objectname)%00%(upstream:track)%00%(upstream:remotename)%00%(upstream:remoteref) refs/heads/master refs/remotes/master [1ms]
2023-08-28 07:34:59.342 [info] > git status -z -uall [14ms]
2023-08-28 07:35:04.350 [info] > git config --get commit.template [1ms]
2023-08-28 07:35:04.353 [info] > git for-each-ref --format=%(refname)%00%(upstream:short)%00%(objectname)%00%(upstream:track)%00%(upstream:remotename)%00%(upstream:remoteref) refs/heads/master refs/remotes/master [0ms]
2023-08-28 07:35:04.370 [info] > git status -z -uall [13ms]
2023-08-28 07:35:08.698 [info] > git check-ignore -v -z --stdin [2ms]
2023-08-28 07:35:09.376 [info] > git config --get commit.template [1ms]
2023-08-28 07:35:09.380 [info] > git for-each-ref --format=%(refname)%00%(upstream:short)%00%(objectname)%00%(upstream:track)%00%(upstream:remotename)%00%(upstream:remoteref) refs/heads/master refs/remotes/master [1ms]
2023-08-28 07:35:09.396 [info] > git status -z -uall [14ms]
2023-08-28 07:35:14.408 [info] > git config --get commit.template [4ms]
2023-08-28 07:35:14.409 [info] > git for-each-ref --format=%(refname)%00%(upstream:short)%00%(objectname)%00%(upstream:track)%00%(upstream:remotename)%00%(upstream:remoteref) refs/heads/master refs/remotes/master [2ms]
2023-08-28 07:35:14.425 [info] > git status -z -uall [14ms]
2023-08-28 07:35:19.432 [info] > git config --get commit.template [1ms]
2023-08-28 07:35:19.436 [info] > git for-each-ref --format=%(refname)%00%(upstream:short)%00%(objectname)%00%(upstream:track)%00%(upstream:remotename)%00%(upstream:remoteref) refs/heads/master refs/remotes/master [1ms]
2023-08-28 07:35:19.451 [info] > git status -z -uall [12ms]
2023-08-28 07:35:34.105 [info] > git config --get commit.template [1ms]
2023-08-28 07:35:34.112 [info] > git for-each-ref --format=%(refname)%00%(upstream:short)%00%(objectname)%00%(upstream:track)%00%(upstream:remotename)%00%(upstream:remoteref) refs/heads/master refs/remotes/master [1ms]
2023-08-28 07:35:34.128 [info] > git status -z -uall [13ms]
2023-08-28 07:36:25.303 [info] > git config --get commit.template [4ms]
2023-08-28 07:36:25.304 [info] > git for-each-ref --format=%(refname)%00%(upstream:short)%00%(objectname)%00%(upstream:track)%00%(upstream:remotename)%00%(upstream:remoteref) refs/heads/master refs/remotes/master [2ms]
2023-08-28 07:36:25.324 [info] > git status -z -uall [14ms]
2023-08-28 07:36:30.332 [info] > git config --get commit.template [1ms]
2023-08-28 07:36:30.336 [info] > git for-each-ref --format=%(refname)%00%(upstream:short)%00%(objectname)%00%(upstream:track)%00%(upstream:remotename)%00%(upstream:remoteref) refs/heads/master refs/remotes/master [1ms]
2023-08-28 07:36:30.351 [info] > git status -z -uall [13ms]
2023-08-28 07:36:44.010 [info] > git config --get commit.template [6ms]
2023-08-28 07:36:44.011 [info] > git for-each-ref --format=%(refname)%00%(upstream:short)%00%(objectname)%00%(upstream:track)%00%(upstream:remotename)%00%(upstream:remoteref) refs/heads/master refs/remotes/master [3ms]
2023-08-28 07:36:44.035 [info] > git status -z -uall [19ms]
2023-08-28 07:36:49.045 [info] > git config --get commit.template [3ms]
2023-08-28 07:36:49.045 [info] > git for-each-ref --format=%(refname)%00%(upstream:short)%00%(objectname)%00%(upstream:track)%00%(upstream:remotename)%00%(upstream:remoteref) refs/heads/master refs/remotes/master [1ms]
2023-08-28 07:36:49.061 [info] > git status -z -uall [13ms]
2023-08-28 07:36:54.068 [info] > git config --get commit.template [1ms]
2023-08-28 07:36:54.072 [info] > git for-each-ref --format=%(refname)%00%(upstream:short)%00%(objectname)%00%(upstream:track)%00%(upstream:remotename)%00%(upstream:remoteref) refs/heads/master refs/remotes/master [1ms]
2023-08-28 07:36:54.087 [info] > git status -z -uall [13ms]
2023-08-28 07:36:59.096 [info] > git config --get commit.template [2ms]
2023-08-28 07:36:59.099 [info] > git for-each-ref --format=%(refname)%00%(upstream:short)%00%(objectname)%00%(upstream:track)%00%(upstream:remotename)%00%(upstream:remoteref) refs/heads/master refs/remotes/master [0ms]
2023-08-28 07:36:59.114 [info] > git status -z -uall [12ms]
2023-08-28 07:37:04.123 [info] > git config --get commit.template [1ms]
2023-08-28 07:37:04.127 [info] > git for-each-ref --format=%(refname)%00%(upstream:short)%00%(objectname)%00%(upstream:track)%00%(upstream:remotename)%00%(upstream:remoteref) refs/heads/master refs/remotes/master [1ms]
2023-08-28 07:37:04.143 [info] > git status -z -uall [13ms]
