2023-08-28 07:57:11.395 [info] Log level: Info
2023-08-28 07:57:11.395 [info] Validating found git in: "git"
2023-08-28 07:57:11.395 [info] Using git "2.34.1" from "git"
2023-08-28 07:57:11.395 [info] > git rev-parse --show-toplevel [1ms]
2023-08-28 07:57:11.395 [info] > git rev-parse --git-dir --git-common-dir [26ms]
2023-08-28 07:57:11.395 [info] Open repository: /root
2023-08-28 07:57:11.408 [info] > git config --get commit.template [8ms]
2023-08-28 07:57:11.409 [info] > git rev-parse --show-toplevel [3ms]
2023-08-28 07:57:11.415 [info] > git for-each-ref --format=%(refname)%00%(upstream:short)%00%(objectname)%00%(upstream:track)%00%(upstream:remotename)%00%(upstream:remoteref) refs/heads/master refs/remotes/master [2ms]
2023-08-28 07:57:11.431 [info] > git rev-parse --show-toplevel [1ms]
2023-08-28 07:57:11.436 [info] > git rev-parse --show-toplevel [1ms]
2023-08-28 07:57:11.441 [info] > git status -z -uall [22ms]
2023-08-28 07:57:11.452 [info] > git rev-parse --show-toplevel [12ms]
2023-08-28 07:57:11.453 [info] > git config --get commit.template [1ms]
2023-08-28 07:57:11.460 [info] > git for-each-ref --format=%(refname)%00%(upstream:short)%00%(objectname)%00%(upstream:track)%00%(upstream:remotename)%00%(upstream:remoteref) refs/heads/master refs/remotes/master [4ms]
2023-08-28 07:57:11.465 [info] > git rev-parse --show-toplevel [5ms]
2023-08-28 07:57:11.471 [info] > git rev-parse --show-toplevel [1ms]
2023-08-28 07:57:11.476 [info] > git rev-parse --show-toplevel [1ms]
2023-08-28 07:57:11.480 [info] > git rev-parse --show-toplevel [1ms]
2023-08-28 07:57:11.484 [info] > git status -z -uall [20ms]
2023-08-28 07:57:12.044 [info] > git check-ignore -v -z --stdin [4ms]
2023-08-28 07:57:15.626 [info] > git config --get commit.template [2ms]
2023-08-28 07:57:15.631 [info] > git for-each-ref --format=%(refname)%00%(upstream:short)%00%(objectname)%00%(upstream:track)%00%(upstream:remotename)%00%(upstream:remoteref) refs/heads/master refs/remotes/master [1ms]
2023-08-28 07:57:15.646 [info] > git status -z -uall [13ms]
2023-08-28 07:57:19.852 [info] > git check-ignore -v -z --stdin [2ms]
2023-08-28 07:57:20.659 [info] > git config --get commit.template [4ms]
2023-08-28 07:57:20.659 [info] > git for-each-ref --format=%(refname)%00%(upstream:short)%00%(objectname)%00%(upstream:track)%00%(upstream:remotename)%00%(upstream:remoteref) refs/heads/master refs/remotes/master [1ms]
2023-08-28 07:57:20.675 [info] > git status -z -uall [13ms]
2023-08-28 07:57:25.683 [info] > git config --get commit.template [1ms]
2023-08-28 07:57:25.687 [info] > git for-each-ref --format=%(refname)%00%(upstream:short)%00%(objectname)%00%(upstream:track)%00%(upstream:remotename)%00%(upstream:remoteref) refs/heads/master refs/remotes/master [0ms]
2023-08-28 07:57:25.715 [info] > git status -z -uall [17ms]
2023-08-28 07:57:44.171 [info] > git check-ignore -v -z --stdin [2ms]
2023-08-28 08:00:20.734 [info] > git check-ignore -v -z --stdin [2ms]
2023-08-28 08:04:18.777 [info] > git check-ignore -v -z --stdin [2ms]
2023-08-28 08:32:37.710 [info] > git config --get commit.template [3ms]
2023-08-28 08:32:37.725 [info] > git for-each-ref --format=%(refname)%00%(upstream:short)%00%(objectname)%00%(upstream:track)%00%(upstream:remotename)%00%(upstream:remoteref) refs/heads/master refs/remotes/master [3ms]
2023-08-28 08:32:37.803 [info] > git status -z -uall [59ms]
