2023-08-28 08:53:18.716 [info] Log level: Info
2023-08-28 08:53:18.716 [info] Validating found git in: "git"
2023-08-28 08:53:18.716 [info] Using git "2.34.1" from "git"
2023-08-28 08:53:18.716 [info] > git rev-parse --show-toplevel [5ms]
2023-08-28 08:53:18.716 [info] > git rev-parse --git-dir --git-common-dir [9ms]
2023-08-28 08:53:18.716 [info] Open repository: /root
2023-08-28 08:53:18.727 [info] > git config --get commit.template [4ms]
2023-08-28 08:53:18.747 [info] > git for-each-ref --format=%(refname)%00%(upstream:short)%00%(objectname)%00%(upstream:track)%00%(upstream:remotename)%00%(upstream:remoteref) refs/heads/master refs/remotes/master [12ms]
2023-08-28 08:53:18.760 [info] > git rev-parse --show-toplevel [16ms]
2023-08-28 08:53:18.769 [info] > git rev-parse --show-toplevel [2ms]
2023-08-28 08:53:18.776 [info] > git rev-parse --show-toplevel [1ms]
2023-08-28 08:53:18.782 [info] > git rev-parse --show-toplevel [1ms]
2023-08-28 08:53:18.792 [info] > git status -z -uall [38ms]
2023-08-28 08:53:18.853 [info] > git rev-parse --show-toplevel [62ms]
2023-08-28 08:53:18.861 [info] > git config --get commit.template [9ms]
2023-08-28 08:53:18.877 [info] > git for-each-ref --format=%(refname)%00%(upstream:short)%00%(objectname)%00%(upstream:track)%00%(upstream:remotename)%00%(upstream:remoteref) refs/heads/master refs/remotes/master [10ms]
2023-08-28 08:53:18.894 [info] > git rev-parse --show-toplevel [19ms]
2023-08-28 08:53:18.902 [info] > git rev-parse --show-toplevel [1ms]
2023-08-28 08:53:18.909 [info] > git rev-parse --show-toplevel [1ms]
2023-08-28 08:53:18.922 [info] > git status -z -uall [40ms]
2023-08-28 08:53:18.930 [info] > git rev-parse --show-toplevel [8ms]
2023-08-28 08:53:19.280 [info] > git check-ignore -v -z --stdin [13ms]
2023-08-28 08:53:19.317 [info] > git show --textconv :web.html [7ms]
2023-08-28 08:53:19.319 [info] > git ls-files --stage -- /root/web.html [3ms]
2023-08-28 08:53:19.326 [info] > git cat-file -s e69de29bb2d1d6434b8b29ae775ad8c2e48c5391 [1ms]
2023-08-28 08:53:21.401 [info] > git config --get commit.template [3ms]
2023-08-28 08:53:21.410 [info] > git for-each-ref --format=%(refname)%00%(upstream:short)%00%(objectname)%00%(upstream:track)%00%(upstream:remotename)%00%(upstream:remoteref) refs/heads/master refs/remotes/master [2ms]
2023-08-28 08:53:21.449 [info] > git status -z -uall [32ms]
2023-08-28 08:53:34.052 [info] > git config --get commit.template [3ms]
2023-08-28 08:53:34.062 [info] > git for-each-ref --format=%(refname)%00%(upstream:short)%00%(objectname)%00%(upstream:track)%00%(upstream:remotename)%00%(upstream:remoteref) refs/heads/master refs/remotes/master [2ms]
2023-08-28 08:53:34.107 [info] > git status -z -uall [36ms]
2023-08-28 08:53:41.584 [info] > git config --get commit.template [3ms]
2023-08-28 08:53:41.594 [info] > git for-each-ref --format=%(refname)%00%(upstream:short)%00%(objectname)%00%(upstream:track)%00%(upstream:remotename)%00%(upstream:remoteref) refs/heads/master refs/remotes/master [2ms]
2023-08-28 08:53:41.636 [info] > git status -z -uall [33ms]
2023-08-28 08:53:46.653 [info] > git config --get commit.template [2ms]
2023-08-28 08:53:46.661 [info] > git for-each-ref --format=%(refname)%00%(upstream:short)%00%(objectname)%00%(upstream:track)%00%(upstream:remotename)%00%(upstream:remoteref) refs/heads/master refs/remotes/master [2ms]
2023-08-28 08:53:46.706 [info] > git status -z -uall [40ms]
2023-08-28 08:53:51.726 [info] > git config --get commit.template [2ms]
2023-08-28 08:53:51.735 [info] > git for-each-ref --format=%(refname)%00%(upstream:short)%00%(objectname)%00%(upstream:track)%00%(upstream:remotename)%00%(upstream:remoteref) refs/heads/master refs/remotes/master [1ms]
2023-08-28 08:53:51.778 [info] > git status -z -uall [36ms]
2023-08-28 08:53:56.792 [info] > git config --get commit.template [1ms]
2023-08-28 08:53:56.801 [info] > git for-each-ref --format=%(refname)%00%(upstream:short)%00%(objectname)%00%(upstream:track)%00%(upstream:remotename)%00%(upstream:remoteref) refs/heads/master refs/remotes/master [2ms]
2023-08-28 08:53:56.838 [info] > git status -z -uall [31ms]
