2023-08-28 07:50:30.319 [info] Log level: Info
2023-08-28 07:50:30.319 [info] Validating found git in: "git"
2023-08-28 07:50:30.319 [info] Using git "2.34.1" from "git"
2023-08-28 07:50:30.319 [info] > git rev-parse --show-toplevel [2ms]
2023-08-28 07:50:30.319 [info] > git rev-parse --git-dir --git-common-dir [29ms]
2023-08-28 07:50:30.319 [info] Open repository: /root
2023-08-28 07:50:30.327 [info] > git config --get commit.template [4ms]
2023-08-28 07:50:30.327 [info] > git rev-parse --show-toplevel [1ms]
2023-08-28 07:50:30.333 [info] > git for-each-ref --format=%(refname)%00%(upstream:short)%00%(objectname)%00%(upstream:track)%00%(upstream:remotename)%00%(upstream:remoteref) refs/heads/master refs/remotes/master [2ms]
2023-08-28 07:50:30.345 [info] > git rev-parse --show-toplevel [1ms]
2023-08-28 07:50:30.349 [info] > git rev-parse --show-toplevel [1ms]
2023-08-28 07:50:30.358 [info] > git status -z -uall [20ms]
2023-08-28 07:50:30.358 [info] > git rev-parse --show-toplevel [6ms]
2023-08-28 07:50:30.377 [info] > git config --get commit.template [5ms]
2023-08-28 07:50:30.385 [info] > git rev-parse --show-toplevel [4ms]
2023-08-28 07:50:30.385 [info] > git for-each-ref --format=%(refname)%00%(upstream:short)%00%(objectname)%00%(upstream:track)%00%(upstream:remotename)%00%(upstream:remoteref) refs/heads/master refs/remotes/master [2ms]
2023-08-28 07:50:30.404 [info] > git rev-parse --show-toplevel [1ms]
2023-08-28 07:50:30.427 [info] > git status -z -uall [35ms]
2023-08-28 07:50:30.427 [info] > git rev-parse --show-toplevel [15ms]
2023-08-28 07:50:30.435 [info] > git rev-parse --show-toplevel [0ms]
2023-08-28 07:50:42.312 [info] > git config --get commit.template [1ms]
2023-08-28 07:50:42.320 [info] > git for-each-ref --format=%(refname)%00%(upstream:short)%00%(objectname)%00%(upstream:track)%00%(upstream:remotename)%00%(upstream:remoteref) refs/heads/master refs/remotes/master [2ms]
2023-08-28 07:50:42.341 [info] > git status -z -uall [18ms]
2023-08-28 07:50:47.350 [info] > git config --get commit.template [1ms]
2023-08-28 07:50:47.354 [info] > git for-each-ref --format=%(refname)%00%(upstream:short)%00%(objectname)%00%(upstream:track)%00%(upstream:remotename)%00%(upstream:remoteref) refs/heads/master refs/remotes/master [1ms]
2023-08-28 07:50:47.370 [info] > git status -z -uall [13ms]
2023-08-28 07:50:55.517 [info] > git config --get commit.template [1ms]
2023-08-28 07:50:55.523 [info] > git for-each-ref --format=%(refname)%00%(upstream:short)%00%(objectname)%00%(upstream:track)%00%(upstream:remotename)%00%(upstream:remoteref) refs/heads/master refs/remotes/master [1ms]
2023-08-28 07:50:55.541 [info] > git status -z -uall [14ms]
2023-08-28 07:51:00.550 [info] > git config --get commit.template [1ms]
2023-08-28 07:51:00.554 [info] > git for-each-ref --format=%(refname)%00%(upstream:short)%00%(objectname)%00%(upstream:track)%00%(upstream:remotename)%00%(upstream:remoteref) refs/heads/master refs/remotes/master [0ms]
2023-08-28 07:51:00.573 [info] > git status -z -uall [16ms]
2023-08-28 07:51:06.740 [info] > git config --get commit.template [2ms]
2023-08-28 07:51:06.746 [info] > git for-each-ref --format=%(refname)%00%(upstream:short)%00%(objectname)%00%(upstream:track)%00%(upstream:remotename)%00%(upstream:remoteref) refs/heads/master refs/remotes/master [1ms]
2023-08-28 07:51:06.767 [info] > git status -z -uall [15ms]
2023-08-28 07:51:12.571 [info] > git config --get commit.template [2ms]
2023-08-28 07:51:12.577 [info] > git for-each-ref --format=%(refname)%00%(upstream:short)%00%(objectname)%00%(upstream:track)%00%(upstream:remotename)%00%(upstream:remoteref) refs/heads/master refs/remotes/master [1ms]
2023-08-28 07:51:12.594 [info] > git status -z -uall [14ms]
2023-08-28 07:51:38.416 [info] > git config --get commit.template [1ms]
2023-08-28 07:51:38.423 [info] > git for-each-ref --format=%(refname)%00%(upstream:short)%00%(objectname)%00%(upstream:track)%00%(upstream:remotename)%00%(upstream:remoteref) refs/heads/master refs/remotes/master [1ms]
2023-08-28 07:51:38.445 [info] > git status -z -uall [16ms]
2023-08-28 07:51:56.131 [info] > git config --get commit.template [7ms]
2023-08-28 07:51:56.131 [info] > git for-each-ref --format=%(refname)%00%(upstream:short)%00%(objectname)%00%(upstream:track)%00%(upstream:remotename)%00%(upstream:remoteref) refs/heads/master refs/remotes/master [2ms]
2023-08-28 07:51:56.155 [info] > git status -z -uall [19ms]
2023-08-28 07:52:01.164 [info] > git config --get commit.template [1ms]
2023-08-28 07:52:01.168 [info] > git for-each-ref --format=%(refname)%00%(upstream:short)%00%(objectname)%00%(upstream:track)%00%(upstream:remotename)%00%(upstream:remoteref) refs/heads/master refs/remotes/master [1ms]
2023-08-28 07:52:01.184 [info] > git status -z -uall [13ms]
2023-08-28 07:52:06.828 [info] > git config --get commit.template [1ms]
2023-08-28 07:52:06.832 [info] > git for-each-ref --format=%(refname)%00%(upstream:short)%00%(objectname)%00%(upstream:track)%00%(upstream:remotename)%00%(upstream:remoteref) refs/heads/master refs/remotes/master [1ms]
2023-08-28 07:52:06.852 [info] > git status -z -uall [16ms]
2023-08-28 07:52:14.693 [info] > git config --get commit.template [1ms]
2023-08-28 07:52:14.701 [info] > git for-each-ref --format=%(refname)%00%(upstream:short)%00%(objectname)%00%(upstream:track)%00%(upstream:remotename)%00%(upstream:remoteref) refs/heads/master refs/remotes/master [1ms]
2023-08-28 07:52:14.723 [info] > git status -z -uall [16ms]
2023-08-28 07:52:29.870 [info] > git config --get commit.template [1ms]
2023-08-28 07:52:29.877 [info] > git for-each-ref --format=%(refname)%00%(upstream:short)%00%(objectname)%00%(upstream:track)%00%(upstream:remotename)%00%(upstream:remoteref) refs/heads/master refs/remotes/master [1ms]
2023-08-28 07:52:29.897 [info] > git status -z -uall [14ms]
2023-08-28 07:52:34.908 [info] > git config --get commit.template [1ms]
2023-08-28 07:52:34.913 [info] > git for-each-ref --format=%(refname)%00%(upstream:short)%00%(objectname)%00%(upstream:track)%00%(upstream:remotename)%00%(upstream:remoteref) refs/heads/master refs/remotes/master [1ms]
2023-08-28 07:52:34.930 [info] > git status -z -uall [13ms]
2023-08-28 07:52:39.939 [info] > git config --get commit.template [1ms]
2023-08-28 07:52:39.943 [info] > git for-each-ref --format=%(refname)%00%(upstream:short)%00%(objectname)%00%(upstream:track)%00%(upstream:remotename)%00%(upstream:remoteref) refs/heads/master refs/remotes/master [0ms]
2023-08-28 07:52:39.959 [info] > git status -z -uall [13ms]
2023-08-28 07:52:44.969 [info] > git config --get commit.template [3ms]
2023-08-28 07:52:44.969 [info] > git for-each-ref --format=%(refname)%00%(upstream:short)%00%(objectname)%00%(upstream:track)%00%(upstream:remotename)%00%(upstream:remoteref) refs/heads/master refs/remotes/master [1ms]
2023-08-28 07:52:44.986 [info] > git status -z -uall [14ms]
2023-08-28 07:52:49.995 [info] > git config --get commit.template [1ms]
2023-08-28 07:52:49.998 [info] > git for-each-ref --format=%(refname)%00%(upstream:short)%00%(objectname)%00%(upstream:track)%00%(upstream:remotename)%00%(upstream:remoteref) refs/heads/master refs/remotes/master [1ms]
2023-08-28 07:52:50.016 [info] > git status -z -uall [14ms]
2023-08-28 07:52:55.025 [info] > git config --get commit.template [1ms]
2023-08-28 07:52:55.029 [info] > git for-each-ref --format=%(refname)%00%(upstream:short)%00%(objectname)%00%(upstream:track)%00%(upstream:remotename)%00%(upstream:remoteref) refs/heads/master refs/remotes/master [0ms]
2023-08-28 07:52:55.044 [info] > git status -z -uall [12ms]
2023-08-28 07:53:10.256 [info] > git config --get commit.template [9ms]
2023-08-28 07:53:10.256 [info] > git for-each-ref --format=%(refname)%00%(upstream:short)%00%(objectname)%00%(upstream:track)%00%(upstream:remotename)%00%(upstream:remoteref) refs/heads/master refs/remotes/master [1ms]
2023-08-28 07:53:10.273 [info] > git status -z -uall [14ms]
2023-08-28 07:53:18.135 [info] > git config --get commit.template [5ms]
2023-08-28 07:53:18.136 [info] > git for-each-ref --format=%(refname)%00%(upstream:short)%00%(objectname)%00%(upstream:track)%00%(upstream:remotename)%00%(upstream:remoteref) refs/heads/master refs/remotes/master [2ms]
2023-08-28 07:53:18.158 [info] > git status -z -uall [15ms]
2023-08-28 07:53:23.165 [info] > git config --get commit.template [1ms]
2023-08-28 07:53:23.169 [info] > git for-each-ref --format=%(refname)%00%(upstream:short)%00%(objectname)%00%(upstream:track)%00%(upstream:remotename)%00%(upstream:remoteref) refs/heads/master refs/remotes/master [1ms]
2023-08-28 07:53:23.187 [info] > git status -z -uall [14ms]
2023-08-28 07:53:41.482 [info] > git config --get commit.template [2ms]
2023-08-28 07:53:41.490 [info] > git for-each-ref --format=%(refname)%00%(upstream:short)%00%(objectname)%00%(upstream:track)%00%(upstream:remotename)%00%(upstream:remoteref) refs/heads/master refs/remotes/master [1ms]
2023-08-28 07:53:41.508 [info] > git status -z -uall [15ms]
2023-08-28 07:53:46.517 [info] > git config --get commit.template [1ms]
2023-08-28 07:53:46.523 [info] > git for-each-ref --format=%(refname)%00%(upstream:short)%00%(objectname)%00%(upstream:track)%00%(upstream:remotename)%00%(upstream:remoteref) refs/heads/master refs/remotes/master [1ms]
2023-08-28 07:53:46.546 [info] > git status -z -uall [19ms]
2023-08-28 07:53:51.559 [info] > git config --get commit.template [5ms]
2023-08-28 07:53:51.559 [info] > git for-each-ref --format=%(refname)%00%(upstream:short)%00%(objectname)%00%(upstream:track)%00%(upstream:remotename)%00%(upstream:remoteref) refs/heads/master refs/remotes/master [1ms]
2023-08-28 07:53:51.575 [info] > git status -z -uall [13ms]
2023-08-28 07:53:56.585 [info] > git config --get commit.template [3ms]
2023-08-28 07:53:56.585 [info] > git for-each-ref --format=%(refname)%00%(upstream:short)%00%(objectname)%00%(upstream:track)%00%(upstream:remotename)%00%(upstream:remoteref) refs/heads/master refs/remotes/master [1ms]
2023-08-28 07:53:56.602 [info] > git status -z -uall [13ms]
2023-08-28 07:54:01.612 [info] > git config --get commit.template [1ms]
2023-08-28 07:54:01.616 [info] > git for-each-ref --format=%(refname)%00%(upstream:short)%00%(objectname)%00%(upstream:track)%00%(upstream:remotename)%00%(upstream:remoteref) refs/heads/master refs/remotes/master [1ms]
2023-08-28 07:54:01.631 [info] > git status -z -uall [13ms]
2023-08-28 07:54:06.641 [info] > git config --get commit.template [1ms]
2023-08-28 07:54:06.645 [info] > git for-each-ref --format=%(refname)%00%(upstream:short)%00%(objectname)%00%(upstream:track)%00%(upstream:remotename)%00%(upstream:remoteref) refs/heads/master refs/remotes/master [1ms]
2023-08-28 07:54:06.661 [info] > git status -z -uall [14ms]
2023-08-28 07:54:11.670 [info] > git config --get commit.template [1ms]
2023-08-28 07:54:11.676 [info] > git for-each-ref --format=%(refname)%00%(upstream:short)%00%(objectname)%00%(upstream:track)%00%(upstream:remotename)%00%(upstream:remoteref) refs/heads/master refs/remotes/master [0ms]
2023-08-28 07:54:11.691 [info] > git status -z -uall [13ms]
2023-08-28 07:54:16.704 [info] > git config --get commit.template [4ms]
2023-08-28 07:54:16.704 [info] > git for-each-ref --format=%(refname)%00%(upstream:short)%00%(objectname)%00%(upstream:track)%00%(upstream:remotename)%00%(upstream:remoteref) refs/heads/master refs/remotes/master [2ms]
2023-08-28 07:54:16.721 [info] > git status -z -uall [13ms]
2023-08-28 07:54:21.732 [info] > git config --get commit.template [3ms]
2023-08-28 07:54:21.732 [info] > git for-each-ref --format=%(refname)%00%(upstream:short)%00%(objectname)%00%(upstream:track)%00%(upstream:remotename)%00%(upstream:remoteref) refs/heads/master refs/remotes/master [1ms]
2023-08-28 07:54:21.748 [info] > git status -z -uall [13ms]
2023-08-28 07:54:26.756 [info] > git config --get commit.template [1ms]
2023-08-28 07:54:26.759 [info] > git for-each-ref --format=%(refname)%00%(upstream:short)%00%(objectname)%00%(upstream:track)%00%(upstream:remotename)%00%(upstream:remoteref) refs/heads/master refs/remotes/master [0ms]
2023-08-28 07:54:26.775 [info] > git status -z -uall [13ms]
2023-08-28 07:54:31.784 [info] > git config --get commit.template [1ms]
2023-08-28 07:54:31.789 [info] > git for-each-ref --format=%(refname)%00%(upstream:short)%00%(objectname)%00%(upstream:track)%00%(upstream:remotename)%00%(upstream:remoteref) refs/heads/master refs/remotes/master [0ms]
2023-08-28 07:54:31.804 [info] > git status -z -uall [13ms]
2023-08-28 07:54:36.814 [info] > git config --get commit.template [3ms]
2023-08-28 07:54:36.815 [info] > git for-each-ref --format=%(refname)%00%(upstream:short)%00%(objectname)%00%(upstream:track)%00%(upstream:remotename)%00%(upstream:remoteref) refs/heads/master refs/remotes/master [1ms]
2023-08-28 07:54:36.830 [info] > git status -z -uall [13ms]
2023-08-28 07:54:39.163 [info] > git check-ignore -v -z --stdin [3ms]
2023-08-28 07:54:42.490 [info] > git config --get commit.template [1ms]
2023-08-28 07:54:42.496 [info] > git for-each-ref --format=%(refname)%00%(upstream:short)%00%(objectname)%00%(upstream:track)%00%(upstream:remotename)%00%(upstream:remoteref) refs/heads/master refs/remotes/master [0ms]
2023-08-28 07:54:42.517 [info] > git status -z -uall [17ms]
2023-08-28 07:54:47.524 [info] > git config --get commit.template [1ms]
2023-08-28 07:54:47.527 [info] > git for-each-ref --format=%(refname)%00%(upstream:short)%00%(objectname)%00%(upstream:track)%00%(upstream:remotename)%00%(upstream:remoteref) refs/heads/master refs/remotes/master [1ms]
2023-08-28 07:54:47.542 [info] > git status -z -uall [13ms]
2023-08-28 07:54:51.072 [info] > git check-ignore -v -z --stdin [3ms]
2023-08-28 07:54:52.553 [info] > git config --get commit.template [4ms]
2023-08-28 07:54:52.554 [info] > git for-each-ref --format=%(refname)%00%(upstream:short)%00%(objectname)%00%(upstream:track)%00%(upstream:remotename)%00%(upstream:remoteref) refs/heads/master refs/remotes/master [1ms]
2023-08-28 07:54:52.569 [info] > git status -z -uall [12ms]
2023-08-28 07:54:57.581 [info] > git config --get commit.template [3ms]
2023-08-28 07:54:57.581 [info] > git for-each-ref --format=%(refname)%00%(upstream:short)%00%(objectname)%00%(upstream:track)%00%(upstream:remotename)%00%(upstream:remoteref) refs/heads/master refs/remotes/master [1ms]
2023-08-28 07:54:57.597 [info] > git status -z -uall [13ms]
2023-08-28 07:55:02.606 [info] > git config --get commit.template [2ms]
2023-08-28 07:55:02.613 [info] > git for-each-ref --format=%(refname)%00%(upstream:short)%00%(objectname)%00%(upstream:track)%00%(upstream:remotename)%00%(upstream:remoteref) refs/heads/master refs/remotes/master [2ms]
2023-08-28 07:55:02.632 [info] > git status -z -uall [16ms]
2023-08-28 07:55:07.643 [info] > git config --get commit.template [3ms]
2023-08-28 07:55:07.644 [info] > git for-each-ref --format=%(refname)%00%(upstream:short)%00%(objectname)%00%(upstream:track)%00%(upstream:remotename)%00%(upstream:remoteref) refs/heads/master refs/remotes/master [1ms]
2023-08-28 07:55:07.660 [info] > git status -z -uall [13ms]
2023-08-28 07:55:12.667 [info] > git config --get commit.template [0ms]
2023-08-28 07:55:12.670 [info] > git for-each-ref --format=%(refname)%00%(upstream:short)%00%(objectname)%00%(upstream:track)%00%(upstream:remotename)%00%(upstream:remoteref) refs/heads/master refs/remotes/master [1ms]
2023-08-28 07:55:12.686 [info] > git status -z -uall [13ms]
2023-08-28 07:55:17.697 [info] > git config --get commit.template [3ms]
2023-08-28 07:55:17.697 [info] > git for-each-ref --format=%(refname)%00%(upstream:short)%00%(objectname)%00%(upstream:track)%00%(upstream:remotename)%00%(upstream:remoteref) refs/heads/master refs/remotes/master [0ms]
2023-08-28 07:55:17.716 [info] > git status -z -uall [16ms]
2023-08-28 07:55:21.006 [info] > git check-ignore -v -z --stdin [2ms]
2023-08-28 07:55:22.725 [info] > git config --get commit.template [1ms]
2023-08-28 07:55:22.729 [info] > git for-each-ref --format=%(refname)%00%(upstream:short)%00%(objectname)%00%(upstream:track)%00%(upstream:remotename)%00%(upstream:remoteref) refs/heads/master refs/remotes/master [1ms]
2023-08-28 07:55:22.745 [info] > git status -z -uall [13ms]
2023-08-28 07:55:27.754 [info] > git config --get commit.template [3ms]
2023-08-28 07:55:27.754 [info] > git for-each-ref --format=%(refname)%00%(upstream:short)%00%(objectname)%00%(upstream:track)%00%(upstream:remotename)%00%(upstream:remoteref) refs/heads/master refs/remotes/master [1ms]
2023-08-28 07:55:27.769 [info] > git status -z -uall [13ms]
2023-08-28 07:55:32.777 [info] > git config --get commit.template [1ms]
2023-08-28 07:55:32.781 [info] > git for-each-ref --format=%(refname)%00%(upstream:short)%00%(objectname)%00%(upstream:track)%00%(upstream:remotename)%00%(upstream:remoteref) refs/heads/master refs/remotes/master [1ms]
2023-08-28 07:55:32.797 [info] > git status -z -uall [13ms]
2023-08-28 07:55:37.806 [info] > git config --get commit.template [1ms]
2023-08-28 07:55:37.810 [info] > git for-each-ref --format=%(refname)%00%(upstream:short)%00%(objectname)%00%(upstream:track)%00%(upstream:remotename)%00%(upstream:remoteref) refs/heads/master refs/remotes/master [1ms]
2023-08-28 07:55:37.825 [info] > git status -z -uall [12ms]
2023-08-28 07:55:42.835 [info] > git config --get commit.template [4ms]
2023-08-28 07:55:42.836 [info] > git for-each-ref --format=%(refname)%00%(upstream:short)%00%(objectname)%00%(upstream:track)%00%(upstream:remotename)%00%(upstream:remoteref) refs/heads/master refs/remotes/master [1ms]
2023-08-28 07:55:42.852 [info] > git status -z -uall [13ms]
2023-08-28 07:55:47.864 [info] > git config --get commit.template [4ms]
2023-08-28 07:55:47.864 [info] > git for-each-ref --format=%(refname)%00%(upstream:short)%00%(objectname)%00%(upstream:track)%00%(upstream:remotename)%00%(upstream:remoteref) refs/heads/master refs/remotes/master [1ms]
2023-08-28 07:55:47.881 [info] > git status -z -uall [14ms]
2023-08-28 07:55:52.894 [info] > git config --get commit.template [4ms]
2023-08-28 07:55:52.895 [info] > git for-each-ref --format=%(refname)%00%(upstream:short)%00%(objectname)%00%(upstream:track)%00%(upstream:remotename)%00%(upstream:remoteref) refs/heads/master refs/remotes/master [0ms]
2023-08-28 07:55:52.910 [info] > git status -z -uall [13ms]
2023-08-28 07:55:57.919 [info] > git config --get commit.template [1ms]
2023-08-28 07:55:57.923 [info] > git for-each-ref --format=%(refname)%00%(upstream:short)%00%(objectname)%00%(upstream:track)%00%(upstream:remotename)%00%(upstream:remoteref) refs/heads/master refs/remotes/master [0ms]
2023-08-28 07:55:57.939 [info] > git status -z -uall [13ms]
2023-08-28 07:56:02.949 [info] > git config --get commit.template [1ms]
2023-08-28 07:56:02.952 [info] > git for-each-ref --format=%(refname)%00%(upstream:short)%00%(objectname)%00%(upstream:track)%00%(upstream:remotename)%00%(upstream:remoteref) refs/heads/master refs/remotes/master [1ms]
2023-08-28 07:56:02.968 [info] > git status -z -uall [13ms]
2023-08-28 07:56:07.978 [info] > git config --get commit.template [3ms]
2023-08-28 07:56:07.978 [info] > git for-each-ref --format=%(refname)%00%(upstream:short)%00%(objectname)%00%(upstream:track)%00%(upstream:remotename)%00%(upstream:remoteref) refs/heads/master refs/remotes/master [1ms]
2023-08-28 07:56:07.994 [info] > git status -z -uall [13ms]
2023-08-28 07:56:13.002 [info] > git config --get commit.template [1ms]
2023-08-28 07:56:13.006 [info] > git for-each-ref --format=%(refname)%00%(upstream:short)%00%(objectname)%00%(upstream:track)%00%(upstream:remotename)%00%(upstream:remoteref) refs/heads/master refs/remotes/master [1ms]
2023-08-28 07:56:13.022 [info] > git status -z -uall [13ms]
2023-08-28 07:56:18.031 [info] > git config --get commit.template [0ms]
2023-08-28 07:56:18.034 [info] > git for-each-ref --format=%(refname)%00%(upstream:short)%00%(objectname)%00%(upstream:track)%00%(upstream:remotename)%00%(upstream:remoteref) refs/heads/master refs/remotes/master [1ms]
2023-08-28 07:56:18.050 [info] > git status -z -uall [13ms]
2023-08-28 07:56:39.405 [info] > git config --get commit.template [1ms]
2023-08-28 07:56:39.410 [info] > git for-each-ref --format=%(refname)%00%(upstream:short)%00%(objectname)%00%(upstream:track)%00%(upstream:remotename)%00%(upstream:remoteref) refs/heads/master refs/remotes/master [1ms]
2023-08-28 07:56:39.428 [info] > git status -z -uall [14ms]
